<?xml version="1.0" encoding="UTF-8"?>
<!-- Generated by org.testng.reporters.JUnitXMLReporter -->
<testsuite ignored="0" hostname="DESKTOP-A7FM5QJ" failures="0" tests="2" name="BankingApp Test" time="39.967" errors="0" timestamp="2022-02-17T10:51:22 IST">
  <testcase classname="com.inetbanking.testCases.TC_LoginTest_001" name="loginTest" time="1.847"/>
  <testcase classname="com.inetbanking.testCases.TC_AddCustomerTest_003" name="addNewCustomer" time="20.917"/>
</testsuite> <!-- BankingApp Test -->
