<?xml version="1.0" encoding="UTF-8"?>
<testng-results ignored="0" total="2" passed="2" failed="0" skipped="0">
  <reporter-output>
  </reporter-output>
  <suite started-at="2022-02-17T10:50:41 IST" name="InetBankingV1" finished-at="2022-02-17T10:51:21 IST" duration-ms="39967">
    <groups>
    </groups>
    <test started-at="2022-02-17T10:50:41 IST" name="BankingApp Test" finished-at="2022-02-17T10:51:21 IST" duration-ms="39967">
      <class name="com.inetbanking.testCases.TC_LoginTest_001">
        <test-method is-config="true" signature="setUp(java.lang.String)[pri:0, instance:com.inetbanking.testCases.TC_LoginTest_001@5c30a9b0]" started-at="2022-02-17T10:50:42 IST" name="setUp" finished-at="2022-02-17T10:50:52 IST" duration-ms="10011" status="PASS">
          <params>
            <param index="0">
              <value>
                <![CDATA[chrome]]>
              </value>
            </param>
          </params>
          <reporter-output>
          </reporter-output>
        </test-method> <!-- setUp -->
        <test-method signature="loginTest()[pri:0, instance:com.inetbanking.testCases.TC_LoginTest_001@5c30a9b0]" started-at="2022-02-17T10:50:52 IST" name="loginTest" finished-at="2022-02-17T10:50:54 IST" duration-ms="1847" status="PASS">
          <reporter-output>
          </reporter-output>
        </test-method> <!-- loginTest -->
        <test-method is-config="true" signature="tearDown()[pri:0, instance:com.inetbanking.testCases.TC_LoginTest_001@5c30a9b0]" started-at="2022-02-17T10:50:54 IST" name="tearDown" finished-at="2022-02-17T10:50:54 IST" duration-ms="497" status="PASS">
          <reporter-output>
          </reporter-output>
        </test-method> <!-- tearDown -->
      </class> <!-- com.inetbanking.testCases.TC_LoginTest_001 -->
      <class name="com.inetbanking.testCases.TC_AddCustomerTest_003">
        <test-method is-config="true" signature="setUp(java.lang.String)[pri:0, instance:com.inetbanking.testCases.TC_AddCustomerTest_003@6ca8564a]" started-at="2022-02-17T10:50:54 IST" name="setUp" finished-at="2022-02-17T10:51:00 IST" duration-ms="5791" status="PASS">
          <params>
            <param index="0">
              <value>
                <![CDATA[chrome]]>
              </value>
            </param>
          </params>
          <reporter-output>
          </reporter-output>
        </test-method> <!-- setUp -->
        <test-method signature="addNewCustomer()[pri:0, instance:com.inetbanking.testCases.TC_AddCustomerTest_003@6ca8564a]" started-at="2022-02-17T10:51:00 IST" name="addNewCustomer" finished-at="2022-02-17T10:51:21 IST" duration-ms="20917" status="PASS">
          <reporter-output>
          </reporter-output>
        </test-method> <!-- addNewCustomer -->
        <test-method is-config="true" signature="tearDown()[pri:0, instance:com.inetbanking.testCases.TC_AddCustomerTest_003@6ca8564a]" started-at="2022-02-17T10:51:21 IST" name="tearDown" finished-at="2022-02-17T10:51:21 IST" duration-ms="565" status="PASS">
          <reporter-output>
          </reporter-output>
        </test-method> <!-- tearDown -->
      </class> <!-- com.inetbanking.testCases.TC_AddCustomerTest_003 -->
    </test> <!-- BankingApp Test -->
  </suite> <!-- InetBankingV1 -->
</testng-results>
